<?xml version="1.0" encoding="UTF-8"?>
<!-- Generated by org.testng.reporters.JUnitReportReporter -->
<testsuite hostname="DESKTOP-7BB2G02" failures="0" tests="1" name="day47.LoginTest" time="1.352" errors="0" timestamp="2024-08-20T23:44:15 EEST" skipped="0">
  <testcase classname="day47.LoginTest" name="testLogin" time="1.352"/>
</testsuite> <!-- day47.LoginTest -->
